<?xml version="1.0" encoding="UTF-8"?>
<!-- Generated by org.testng.reporters.JUnitReportReporter -->
<testsuite skipped="0" hostname="THSLT10138" name="com.share.testscript.SharePay" tests="1" failures="0" timestamp="2020-07-15T19:11:37 IST" time="87.633" errors="0">
  <testcase name="TC_79" time="87.633" classname="com.share.testscript.SharePay"/>
</testsuite> <!-- com.share.testscript.SharePay -->
