<?xml version="1.0" encoding="UTF-8"?>
<!-- Generated by org.testng.reporters.JUnitReportReporter -->
<testsuite skipped="0" hostname="THSLT10138" name="com.share.testscript.Transactions" tests="4" failures="0" timestamp="2020-09-06T13:46:22 IST" time="237.693" errors="0">
  <testcase name="TC_Transactions_03" time="64.347" classname="com.share.testscript.Transactions"/>
  <testcase name="TC_Transactions_05" time="77.918" classname="com.share.testscript.Transactions"/>
  <testcase name="TC_Transactions_01_02_04" time="90.665" classname="com.share.testscript.Transactions"/>
  <testcase name="TC_Transactions_06" time="4.763" classname="com.share.testscript.Transactions"/>
</testsuite> <!-- com.share.testscript.Transactions -->
