<?xml version="1.0" encoding="UTF-8"?>
<!-- Generated by org.testng.reporters.JUnitReportReporter -->
<testsuite hostname="TIJO_PC" failures="0" tests="1" name="com.share.testscript.Home" time="32.147" errors="0" timestamp="2020-10-18T13:11:49 IST" skipped="0">
  <testcase classname="com.share.testscript.Home" name="TC_Home_001" time="32.147"/>
</testsuite> <!-- com.share.testscript.Home -->
