<?xml version="1.0" encoding="UTF-8"?>
<!-- Generated by org.testng.reporters.JUnitReportReporter -->
<testsuite skipped="0" hostname="THSLT10138" name="com.share.testscript.Registration" tests="1" failures="0" timestamp="2020-06-30T14:04:06 IST" time="47.966" errors="0">
  <testcase name="TC_C_SU_001_004" time="47.966" classname="com.share.testscript.Registration"/>
</testsuite> <!-- com.share.testscript.Registration -->
