<?xml version="1.0" encoding="UTF-8"?>
<!-- Generated by org.testng.reporters.JUnitReportReporter -->
<testsuite skipped="0" hostname="THSLT10138" name="com.share.testscript.Registration" tests="1" failures="0" timestamp="2020-09-06T23:12:17 IST" time="55.341" errors="0">
  <testcase name="TC_Registration_052" time="55.341" classname="com.share.testscript.Registration"/>
</testsuite> <!-- com.share.testscript.Registration -->
