<?xml version="1.0" encoding="UTF-8"?>
<!-- Generated by org.testng.reporters.JUnitReportReporter -->
<testsuite hostname="TIJO_PC" failures="1" tests="10" name="com.share.testscript.Assistant" time="211.720" errors="0" timestamp="2020-09-30T13:58:50 IST" skipped="0">
  <testcase classname="com.share.testscript.Assistant" name="TC_Assistant_001_002" time="22.501"/>
  <testcase classname="com.share.testscript.Assistant" name="TC_Assistant_003" time="64.982"/>
  <testcase classname="com.share.testscript.Assistant" name="TC_Assistant_004_005" time="9.031">
    <failure message="Can&#039;t locate an element by this strategy: By.chained({By.xpath: //androidx.recyclerview.widget.RecyclerView[@resource-id,&#039;recyclerCategoryQuestions&#039;]//android.widget.RelativeLayout[@index=&#039;0&#039;]//android.widget.TextView[@resource-id=&#039;text_view_category_question&#039;]})" type="java.lang.AssertionError">
      <![CDATA[java.lang.AssertionError: Can't locate an element by this strategy: By.chained({By.xpath: //androidx.recyclerview.widget.RecyclerView[@resource-id,'recyclerCategoryQuestions']//android.widget.RelativeLayout[@index='0']//android.widget.TextView[@resource-id='text_view_category_question']})
at org.testng.Assert.fail(Assert.java:97)
at com.share.testscript.Assistant.TC_Assistant_004_005(Assistant.java:618)
at java.base/jdk.internal.reflect.NativeMethodAccessorImpl.invoke0(Native Method)
at java.base/jdk.internal.reflect.NativeMethodAccessorImpl.invoke(NativeMethodAccessorImpl.java:62)
at java.base/jdk.internal.reflect.DelegatingMethodAccessorImpl.invoke(DelegatingMethodAccessorImpl.java:43)
at java.base/java.lang.reflect.Method.invoke(Method.java:567)
at org.testng.internal.MethodInvocationHelper.invokeMethod(MethodInvocationHelper.java:133)
at org.testng.internal.TestInvoker.invokeMethod(TestInvoker.java:584)
at org.testng.internal.TestInvoker.invokeTestMethod(TestInvoker.java:172)
at org.testng.internal.MethodRunner.runInSequence(MethodRunner.java:46)
at org.testng.internal.TestInvoker$MethodInvocationAgent.invoke(TestInvoker.java:804)
at org.testng.internal.TestInvoker.invokeTestMethods(TestInvoker.java:145)
at org.testng.internal.TestMethodWorker.invokeTestMethods(TestMethodWorker.java:146)
at org.testng.internal.TestMethodWorker.run(TestMethodWorker.java:128)
at java.base/java.util.ArrayList.forEach(ArrayList.java:1507)
at org.testng.TestRunner.privateRun(TestRunner.java:770)
at org.testng.TestRunner.run(TestRunner.java:591)
at org.testng.SuiteRunner.runTest(SuiteRunner.java:402)
at org.testng.SuiteRunner.runSequentially(SuiteRunner.java:396)
at org.testng.SuiteRunner.privateRun(SuiteRunner.java:355)
at org.testng.SuiteRunner.run(SuiteRunner.java:304)
at org.testng.SuiteRunnerWorker.runSuite(SuiteRunnerWorker.java:53)
at org.testng.SuiteRunnerWorker.run(SuiteRunnerWorker.java:96)
at org.testng.TestNG.runSuitesSequentially(TestNG.java:1180)
at org.testng.TestNG.runSuitesLocally(TestNG.java:1102)
at org.testng.TestNG.runSuites(TestNG.java:1032)
at org.testng.TestNG.run(TestNG.java:1000)
at org.testng.remote.AbstractRemoteTestNG.run(AbstractRemoteTestNG.java:115)
at org.testng.remote.RemoteTestNG.initAndRun(RemoteTestNG.java:251)
at org.testng.remote.RemoteTestNG.main(RemoteTestNG.java:77)
]]>
    </failure>
  </testcase> <!-- TC_Assistant_004_005 -->
  <testcase classname="com.share.testscript.Assistant" name="TC_Assistant_006_007" time="11.151"/>
  <testcase classname="com.share.testscript.Assistant" name="TC_Assistant_008_009_010" time="20.445"/>
  <testcase classname="com.share.testscript.Assistant" name="TC_Assistant_010" time="10.425"/>
  <testcase classname="com.share.testscript.Assistant" name="TC_Assistant_011" time="9.748"/>
  <testcase classname="com.share.testscript.Assistant" name="TC_Assistant_012" time="15.415"/>
  <testcase classname="com.share.testscript.Assistant" name="TC_Assistant_013" time="20.481"/>
  <testcase classname="com.share.testscript.Assistant" name="TC_Assistant_014" time="27.541"/>
</testsuite> <!-- com.share.testscript.Assistant -->
