<?xml version="1.0" encoding="UTF-8"?>
<!-- Generated by org.testng.reporters.JUnitReportReporter -->
<testsuite hostname="TIJO_PC" failures="0" tests="1" name="com.share.testscript.Experiences" time="61.961" errors="0" timestamp="2020-10-15T12:45:19 IST" skipped="0">
  <testcase classname="com.share.testscript.Experiences" name="TC_Experience_36_To_38" time="61.961"/>
</testsuite> <!-- com.share.testscript.Experiences -->
