<?xml version="1.0" encoding="UTF-8"?>
<!-- Generated by org.testng.reporters.JUnitReportReporter -->
<testsuite hostname="TIJO_PC" failures="0" tests="4" name="com.share.testscript.Transactions" time="178.468" errors="0" timestamp="2020-09-30T13:58:50 IST" skipped="0">
  <testcase classname="com.share.testscript.Transactions" name="TC_Transactions_06" time="26.450"/>
  <testcase classname="com.share.testscript.Transactions" name="TC_Transactions_03" time="24.881"/>
  <testcase classname="com.share.testscript.Transactions" name="TC_Transactions_01_02_04" time="29.210"/>
  <testcase classname="com.share.testscript.Transactions" name="TC_Transactions_05" time="97.927"/>
</testsuite> <!-- com.share.testscript.Transactions -->
