<?xml version="1.0" encoding="UTF-8"?>
<!-- Generated by org.testng.reporters.JUnitReportReporter -->
<testsuite skipped="0" hostname="THSLT10138" name="com.share.testscript.Profile" tests="1" failures="0" timestamp="2020-07-17T19:17:18 IST" time="268.959" errors="0">
  <testcase name="TC_33_to_43_45" time="268.959" classname="com.share.testscript.Profile"/>
</testsuite> <!-- com.share.testscript.Profile -->
