<?xml version="1.0" encoding="UTF-8"?>
<!-- Generated by org.testng.reporters.JUnitReportReporter -->
<testsuite hostname="TIJO_PC" failures="0" tests="12" name="com.share.testscript.SharePay" time="462.100" errors="0" timestamp="2020-09-30T13:58:50 IST" skipped="0">
  <testcase classname="com.share.testscript.SharePay" name="TC_SharePay_001_002" time="30.754"/>
  <testcase classname="com.share.testscript.SharePay" name="TC_SharePay_003" time="12.074"/>
  <testcase classname="com.share.testscript.SharePay" name="TC_SharePay_009_to_010" time="11.299"/>
  <testcase classname="com.share.testscript.SharePay" name="TC_SharePay_013_014" time="16.973"/>
  <testcase classname="com.share.testscript.SharePay" name="TC_SharePay_011_012" time="15.920"/>
  <testcase classname="com.share.testscript.SharePay" name="TC_SharePay_004_to_008" time="17.782"/>
  <testcase classname="com.share.testscript.SharePay" name="TC_SharePay_018" time="12.233"/>
  <testcase classname="com.share.testscript.SharePay" name="TC_SharePay_015_to_017" time="14.054"/>
  <testcase classname="com.share.testscript.SharePay" name="TC_SharePay_019" time="34.352"/>
  <testcase classname="com.share.testscript.SharePay" name="TC_SharePay_020" time="5.305"/>
  <testcase classname="com.share.testscript.SharePay" name="TC_SharePay_021_022_023_024" time="145.677"/>
  <testcase classname="com.share.testscript.SharePay" name="TC_SharePay_025_026_027" time="145.677"/>
</testsuite> <!-- com.share.testscript.SharePay -->
