<?xml version="1.0" encoding="UTF-8"?>
<!-- Generated by org.testng.reporters.JUnitReportReporter -->
<testsuite skipped="0" hostname="THSLT10138" name="com.share.testscript.SignIn" tests="11" failures="0" timestamp="2020-09-06T13:46:22 IST" time="234.768" errors="0">
  <testcase name="TC_SignIn_015" time="19.404" classname="com.share.testscript.SignIn"/>
  <testcase name="TC_SignIn_009_to_014" time="11.239" classname="com.share.testscript.SignIn"/>
  <testcase name="TC_SignIn_009_to_014" time="13.225" classname="com.share.testscript.SignIn"/>
  <testcase name="TC_SignIn_009_to_014" time="13.124" classname="com.share.testscript.SignIn"/>
  <testcase name="TC_SignIn_009_to_014" time="10.001" classname="com.share.testscript.SignIn"/>
  <testcase name="TC_SignIn_009_to_014" time="9.783" classname="com.share.testscript.SignIn"/>
  <testcase name="TC_SignIn_009_to_014" time="9.508" classname="com.share.testscript.SignIn"/>
  <testcase name="TC_SignIn_008" time="18.363" classname="com.share.testscript.SignIn"/>
  <testcase name="TC_SignIn_003_004" time="21.756" classname="com.share.testscript.SignIn"/>
  <testcase name="TC_SignIn_005" time="26.698" classname="com.share.testscript.SignIn"/>
  <testcase name="TC_SignIn_001_002_007" time="81.667" classname="com.share.testscript.SignIn"/>
</testsuite> <!-- com.share.testscript.SignIn -->
