<?xml version="1.0" encoding="UTF-8"?>
<!-- Generated by org.testng.reporters.JUnitReportReporter -->
<testsuite hostname="TIJO_PC" failures="0" tests="1" name="com.share.testscript.Profile" time="33.193" errors="0" timestamp="2020-10-15T16:32:44 IST" skipped="0">
  <testcase classname="com.share.testscript.Profile" name="TC_Profile_61" time="33.193"/>
</testsuite> <!-- com.share.testscript.Profile -->
