<?xml version="1.0" encoding="UTF-8"?>
<!-- Generated by org.testng.reporters.JUnitReportReporter -->
<testsuite skipped="0" hostname="THSLT10138" name="com.share.testscript.SharePay" tests="12" failures="0" timestamp="2020-09-06T13:46:22 IST" time="595.332" errors="0">
  <testcase name="TC_SharePay_001_002" time="37.981" classname="com.share.testscript.SharePay"/>
  <testcase name="TC_SharePay_003" time="8.444" classname="com.share.testscript.SharePay"/>
  <testcase name="TC_SharePay_009_to_010" time="12.362" classname="com.share.testscript.SharePay"/>
  <testcase name="TC_SharePay_013_014" time="21.998" classname="com.share.testscript.SharePay"/>
  <testcase name="TC_SharePay_011_012" time="19.545" classname="com.share.testscript.SharePay"/>
  <testcase name="TC_SharePay_004_to_008" time="24.763" classname="com.share.testscript.SharePay"/>
  <testcase name="TC_SharePay_018" time="15.573" classname="com.share.testscript.SharePay"/>
  <testcase name="TC_SharePay_015_to_017" time="15.095" classname="com.share.testscript.SharePay"/>
  <testcase name="TC_SharePay_019" time="103.397" classname="com.share.testscript.SharePay"/>
  <testcase name="TC_SharePay_020" time="45.735" classname="com.share.testscript.SharePay"/>
  <testcase name="TC_SharePay_021_022_023_024" time="143.110" classname="com.share.testscript.SharePay"/>
  <testcase name="TC_SharePay_025_026_027" time="147.329" classname="com.share.testscript.SharePay"/>
</testsuite> <!-- com.share.testscript.SharePay -->
