<?xml version="1.0" encoding="UTF-8"?>
<!-- Generated by org.testng.reporters.JUnitReportReporter -->
<testsuite skipped="0" hostname="THSLT10138" name="com.share.testscript.SplashScreen" tests="1" failures="0" timestamp="2020-09-06T13:46:22 IST" time="26.607" errors="0">
  <testcase name="TC_SplashScreen_001_002" time="26.607" classname="com.share.testscript.SplashScreen"/>
</testsuite> <!-- com.share.testscript.SplashScreen -->
